#
# There is insufficient memory for the Java Runtime Environment to continue.
# Native memory allocation (malloc) failed to allocate 104656 bytes. Error detail: Chunk::new
# Possible reasons:
#   The system is out of physical RAM or swap space
#   This process is running with CompressedOops enabled, and the Java Heap may be blocking the growth of the native heap
# Possible solutions:
#   Reduce memory load on the system
#   Increase physical memory or swap space
#   Check if swap backing store is full
#   Decrease Java heap size (-Xmx/-Xms)
#   Decrease number of Java threads
#   Decrease Java thread stack sizes (-Xss)
#   Set larger code cache with -XX:ReservedCodeCacheSize=
#   JVM is running with Zero Based Compressed Oops mode in which the Java heap is
#     placed in the first 32GB address space. The Java Heap base address is the
#     maximum limit for the native heap growth. Please use -XX:HeapBaseMinAddress
#     to set the Java Heap base and to place the Java Heap above 32GB virtual address.
# This output file may be truncated or incomplete.
#
#  Out of Memory Error (arena.cpp:168), pid=4948, tid=9260
#
# JRE version: OpenJDK Runtime Environment Temurin-21.0.4+7 (21.0.4+7) (build 21.0.4+7-LTS)
# Java VM: OpenJDK 64-Bit Server VM Temurin-21.0.4+7 (21.0.4+7-LTS, mixed mode, tiered, compressed oops, compressed class ptrs, g1 gc, windows-amd64)
# No core dump will be written. Minidumps are not enabled by default on client versions of Windows
#

---------------  S U M M A R Y ------------

Command Line: -Dfile.encoding=UTF-8 -Dstdout.encoding=UTF-8 -Dstderr.encoding=UTF-8 -XX:+ShowCodeDetailsInExceptionMessages com.akram.spring.tms.TmsApplication

Host: Intel(R) Core(TM) i5-7300U CPU @ 2.60GHz, 4 cores, 15G,  Windows 10 , 64 bit Build 19041 (10.0.19041.5438)
Time: Thu Feb 27 20:36:42 2025 Paris, Madrid elapsed time: 22927.271270 seconds (0d 6h 22m 7s)

---------------  T H R E A D  ---------------

Current thread (0x0000016e9508a3e0):  JavaThread "C2 CompilerThread0" daemon [_thread_in_native, id=9260, stack(0x0000006823000000,0x0000006823100000) (1024K)]


Current CompileTask:
C2:22927271 7041       4       java.lang.String::<init> (14 bytes)

Stack: [0x0000006823000000,0x0000006823100000]
Native frames: (J=compiled Java code, j=interpreted, Vv=VM code, C=native code)
V  [jvm.dll+0x6cbcf9]
V  [jvm.dll+0x8a5551]
V  [jvm.dll+0x8a7a7e]
V  [jvm.dll+0x8a8153]
V  [jvm.dll+0x27eca6]
V  [jvm.dll+0xc4aad]
V  [jvm.dll+0xc4fe3]
V  [jvm.dll+0x3b5102]
V  [jvm.dll+0x3815a5]
V  [jvm.dll+0x380a0a]
V  [jvm.dll+0x247110]
V  [jvm.dll+0x2466ef]
V  [jvm.dll+0x1c6f7e]
V  [jvm.dll+0x255e7a]
V  [jvm.dll+0x25441a]
V  [jvm.dll+0x3eeef6]
V  [jvm.dll+0x84f17b]
V  [jvm.dll+0x6ca3fd]
C  [ucrtbase.dll+0x21bb2]
C  [KERNEL32.DLL+0x17374]
C  [ntdll.dll+0x4cc91]


---------------  P R O C E S S  ---------------

Threads class SMR info:
_java_thread_list=0x0000016e99410d30, length=29, elements={
0x0000016e95064050, 0x0000016e95068520, 0x0000016e95069720, 0x0000016e9506a180,
0x0000016e9506abe0, 0x0000016e9506b640, 0x0000016e9508a3e0, 0x0000016e950fb5a0,
0x0000016e95231cf0, 0x0000016e95240110, 0x0000016e958ba8b0, 0x0000016e970da4e0,
0x0000016e97ea1030, 0x0000016e98538030, 0x0000016e95b8ecb0, 0x0000016e9739c1f0,
0x0000016e9739ae40, 0x0000016e9739a7b0, 0x0000016e9739b4d0, 0x0000016e9739cf10,
0x0000016e9a166d80, 0x0000016e9a166060, 0x0000016e9a1666f0, 0x0000016e9a168130,
0x0000016e9a167410, 0x0000016e9a1694e0, 0x0000016e9a167aa0, 0x0000016e9a168e50,
0x0000016e971b9000
}

Java Threads: ( => current thread )
  0x0000016e95064050 JavaThread "Reference Handler"          daemon [_thread_blocked, id=10956, stack(0x0000006822a00000,0x0000006822b00000) (1024K)]
  0x0000016e95068520 JavaThread "Finalizer"                  daemon [_thread_blocked, id=7684, stack(0x0000006822b00000,0x0000006822c00000) (1024K)]
  0x0000016e95069720 JavaThread "Signal Dispatcher"          daemon [_thread_blocked, id=8292, stack(0x0000006822c00000,0x0000006822d00000) (1024K)]
  0x0000016e9506a180 JavaThread "Attach Listener"            daemon [_thread_blocked, id=260, stack(0x0000006822d00000,0x0000006822e00000) (1024K)]
  0x0000016e9506abe0 JavaThread "Service Thread"             daemon [_thread_blocked, id=1072, stack(0x0000006822e00000,0x0000006822f00000) (1024K)]
  0x0000016e9506b640 JavaThread "Monitor Deflation Thread"   daemon [_thread_blocked, id=3852, stack(0x0000006822f00000,0x0000006823000000) (1024K)]
=>0x0000016e9508a3e0 JavaThread "C2 CompilerThread0"         daemon [_thread_in_native, id=9260, stack(0x0000006823000000,0x0000006823100000) (1024K)]
  0x0000016e950fb5a0 JavaThread "C1 CompilerThread0"         daemon [_thread_blocked, id=4448, stack(0x0000006823100000,0x0000006823200000) (1024K)]
  0x0000016e95231cf0 JavaThread "Notification Thread"        daemon [_thread_blocked, id=18204, stack(0x0000006823200000,0x0000006823300000) (1024K)]
  0x0000016e95240110 JavaThread "Common-Cleaner"             daemon [_thread_blocked, id=5468, stack(0x0000006823300000,0x0000006823400000) (1024K)]
  0x0000016e958ba8b0 JavaThread "Catalina-utility-1"                [_thread_blocked, id=2604, stack(0x0000006823800000,0x0000006823900000) (1024K)]
  0x0000016e970da4e0 JavaThread "Catalina-utility-2"                [_thread_blocked, id=14092, stack(0x0000006823900000,0x0000006823a00000) (1024K)]
  0x0000016e97ea1030 JavaThread "container-0"                       [_thread_blocked, id=16680, stack(0x0000006823a00000,0x0000006823b00000) (1024K)]
  0x0000016e98538030 JavaThread "PostgreSQL-JDBC-Cleaner"    daemon [_thread_blocked, id=13736, stack(0x0000006823b00000,0x0000006823c00000) (1024K)]
  0x0000016e95b8ecb0 JavaThread "HikariPool-1 housekeeper"   daemon [_thread_blocked, id=9368, stack(0x0000006823c00000,0x0000006823d00000) (1024K)]
  0x0000016e9739c1f0 JavaThread "http-nio-8080-exec-1"       daemon [_thread_blocked, id=18096, stack(0x0000006823e00000,0x0000006823f00000) (1024K)]
  0x0000016e9739ae40 JavaThread "http-nio-8080-exec-2"       daemon [_thread_blocked, id=7576, stack(0x0000006823f00000,0x0000006824000000) (1024K)]
  0x0000016e9739a7b0 JavaThread "http-nio-8080-exec-3"       daemon [_thread_blocked, id=16044, stack(0x0000006824000000,0x0000006824100000) (1024K)]
  0x0000016e9739b4d0 JavaThread "http-nio-8080-exec-4"       daemon [_thread_blocked, id=12752, stack(0x0000006824100000,0x0000006824200000) (1024K)]
  0x0000016e9739cf10 JavaThread "http-nio-8080-exec-5"       daemon [_thread_blocked, id=8580, stack(0x0000006824200000,0x0000006824300000) (1024K)]
  0x0000016e9a166d80 JavaThread "http-nio-8080-exec-6"       daemon [_thread_blocked, id=6312, stack(0x0000006824300000,0x0000006824400000) (1024K)]
  0x0000016e9a166060 JavaThread "http-nio-8080-exec-7"       daemon [_thread_blocked, id=16372, stack(0x0000006824400000,0x0000006824500000) (1024K)]
  0x0000016e9a1666f0 JavaThread "http-nio-8080-exec-8"       daemon [_thread_blocked, id=16100, stack(0x0000006824500000,0x0000006824600000) (1024K)]
  0x0000016e9a168130 JavaThread "http-nio-8080-exec-9"       daemon [_thread_blocked, id=5060, stack(0x0000006824600000,0x0000006824700000) (1024K)]
  0x0000016e9a167410 JavaThread "http-nio-8080-exec-10"      daemon [_thread_blocked, id=9444, stack(0x0000006824700000,0x0000006824800000) (1024K)]
  0x0000016e9a1694e0 JavaThread "http-nio-8080-Poller"       daemon [_thread_in_native, id=6300, stack(0x0000006824800000,0x0000006824900000) (1024K)]
  0x0000016e9a167aa0 JavaThread "http-nio-8080-Acceptor"     daemon [_thread_in_native, id=10328, stack(0x0000006824900000,0x0000006824a00000) (1024K)]
  0x0000016e9a168e50 JavaThread "DestroyJavaVM"                     [_thread_blocked, id=11036, stack(0x0000006822200000,0x0000006822300000) (1024K)]
  0x0000016e971b9000 JavaThread "HikariPool-1 connection adder" daemon [_thread_blocked, id=14100, stack(0x0000006822100000,0x0000006822200000) (1024K)]
Total: 29

Other Threads:
  0x0000016effd2edb0 VMThread "VM Thread"                           [id=1864, stack(0x0000006822900000,0x0000006822a00000) (1024K)]
  0x0000016effcacd20 WatcherThread "VM Periodic Task Thread"        [id=4192, stack(0x0000006822800000,0x0000006822900000) (1024K)]
  0x0000016ef6e050c0 WorkerThread "GC Thread#0"                     [id=5528, stack(0x0000006822300000,0x0000006822400000) (1024K)]
  0x0000016e95973fb0 WorkerThread "GC Thread#1"                     [id=17004, stack(0x0000006823500000,0x0000006823600000) (1024K)]
  0x0000016e95974350 WorkerThread "GC Thread#2"                     [id=18156, stack(0x0000006823600000,0x0000006823700000) (1024K)]
  0x0000016e959746f0 WorkerThread "GC Thread#3"                     [id=5788, stack(0x0000006823700000,0x0000006823800000) (1024K)]
  0x0000016ef6e16680 ConcurrentGCThread "G1 Main Marker"            [id=1972, stack(0x0000006822400000,0x0000006822500000) (1024K)]
  0x0000016ef6e17330 WorkerThread "G1 Conc#0"                       [id=6544, stack(0x0000006822500000,0x0000006822600000) (1024K)]
  0x0000016ef6e5e100 ConcurrentGCThread "G1 Refine#0"               [id=6692, stack(0x0000006822600000,0x0000006822700000) (1024K)]
  0x0000016effb80cf0 ConcurrentGCThread "G1 Service"                [id=16256, stack(0x0000006822700000,0x0000006822800000) (1024K)]
Total: 10

Threads with active compile tasks:
C2 CompilerThread0  22927315 7041       4       java.lang.String::<init> (14 bytes)
Total: 1

VM state: not at safepoint (normal execution)

VM Mutex/Monitor currently owned by a thread: None

Heap address: 0x0000000702200000, size: 4062 MB, Compressed Oops mode: Zero based, Oop shift amount: 3

CDS archive(s) not mapped
Compressed class space mapped at: 0x0000000800000000-0x0000000840000000, reserved size: 1073741824
Narrow klass base: 0x0000000800000000, Narrow klass shift: 0, Narrow klass range: 0x40000000

GC Precious Log:
 CardTable entry size: 512
 Card Set container configuration: InlinePtr #cards 4 size 8 Array Of Cards #cards 16 size 48 Howl #buckets 8 coarsen threshold 3686 Howl Bitmap #cards 512 size 80 coarsen threshold 460 Card regions per heap region 1 cards per card region 4096
 CPUs: 4 total, 4 available
 Memory: 16245M
 Large Page Support: Disabled
 NUMA Support: Disabled
 Compressed Oops: Enabled (Zero based)
 Heap Region Size: 2M
 Heap Min Capacity: 8M
 Heap Initial Capacity: 254M
 Heap Max Capacity: 4062M
 Pre-touch: Disabled
 Parallel Workers: 4
 Concurrent Workers: 1
 Concurrent Refinement Workers: 4
 Periodic GC: Disabled

Heap:
 garbage-first heap   total 61440K, used 33215K [0x0000000702200000, 0x0000000800000000)
  region size 2048K, 4 young (8192K), 1 survivors (2048K)
 Metaspace       used 77482K, committed 78592K, reserved 1179648K
  class space    used 9842K, committed 10304K, reserved 1048576K

Heap Regions: E=young(eden), S=young(survivor), O=old, HS=humongous(starts), HC=humongous(continues), CS=collection set, F=free, TAMS=top-at-mark-start, PB=parsable bottom
|   0|0x0000000702200000, 0x0000000702400000, 0x0000000702400000|100%| O|  |TAMS 0x0000000702200000| PB 0x0000000702200000| Untracked 
|   1|0x0000000702400000, 0x0000000702600000, 0x0000000702600000|100%| O|  |TAMS 0x0000000702400000| PB 0x0000000702400000| Untracked 
|   2|0x0000000702600000, 0x0000000702800000, 0x0000000702800000|100%| O|  |TAMS 0x0000000702600000| PB 0x0000000702600000| Untracked 
|   3|0x0000000702800000, 0x0000000702a00000, 0x0000000702a00000|100%| O|  |TAMS 0x0000000702800000| PB 0x0000000702800000| Untracked 
|   4|0x0000000702a00000, 0x0000000702c00000, 0x0000000702c00000|100%| O|  |TAMS 0x0000000702a00000| PB 0x0000000702a00000| Untracked 
|   5|0x0000000702c00000, 0x0000000702e00000, 0x0000000702e00000|100%| O|  |TAMS 0x0000000702c00000| PB 0x0000000702c00000| Untracked 
|   6|0x0000000702e00000, 0x0000000703000000, 0x0000000703000000|100%| O|  |TAMS 0x0000000702e00000| PB 0x0000000702e00000| Untracked 
|   7|0x0000000703000000, 0x0000000703200000, 0x0000000703200000|100%| O|  |TAMS 0x0000000703000000| PB 0x0000000703000000| Untracked 
|   8|0x0000000703200000, 0x0000000703400000, 0x0000000703400000|100%| O|  |TAMS 0x0000000703200000| PB 0x0000000703200000| Untracked 
|   9|0x0000000703400000, 0x0000000703600000, 0x0000000703600000|100%| O|Cm|TAMS 0x0000000703400000| PB 0x0000000703400000| Complete 
|  10|0x0000000703600000, 0x0000000703800000, 0x0000000703800000|100%| O|  |TAMS 0x0000000703600000| PB 0x0000000703600000| Untracked 
|  11|0x0000000703800000, 0x0000000703800000, 0x0000000703a00000|  0%| F|  |TAMS 0x0000000703800000| PB 0x0000000703800000| Untracked 
|  12|0x0000000703a00000, 0x0000000703c00000, 0x0000000703c00000|100%| O|Cm|TAMS 0x0000000703a00000| PB 0x0000000703a00000| Complete 
|  13|0x0000000703c00000, 0x0000000703e00000, 0x0000000703e00000|100%| O|Cm|TAMS 0x0000000703c00000| PB 0x0000000703c00000| Complete 
|  14|0x0000000703e00000, 0x0000000703e00000, 0x0000000704000000|  0%| F|  |TAMS 0x0000000703e00000| PB 0x0000000703e00000| Untracked 
|  15|0x0000000704000000, 0x00000007041488c0, 0x0000000704200000| 64%| O|  |TAMS 0x0000000704000000| PB 0x0000000704000000| Untracked 
|  16|0x0000000704200000, 0x00000007043276f0, 0x0000000704400000| 57%| S|CS|TAMS 0x0000000704200000| PB 0x0000000704200000| Complete 
|  17|0x0000000704400000, 0x0000000704400000, 0x0000000704600000|  0%| F|  |TAMS 0x0000000704400000| PB 0x0000000704400000| Untracked 
|  18|0x0000000704600000, 0x0000000704600000, 0x0000000704800000|  0%| F|  |TAMS 0x0000000704600000| PB 0x0000000704600000| Untracked 
|  19|0x0000000704800000, 0x0000000704800000, 0x0000000704a00000|  0%| F|  |TAMS 0x0000000704800000| PB 0x0000000704800000| Untracked 
|  20|0x0000000704a00000, 0x0000000704a00000, 0x0000000704c00000|  0%| F|  |TAMS 0x0000000704a00000| PB 0x0000000704a00000| Untracked 
|  21|0x0000000704c00000, 0x0000000704c00000, 0x0000000704e00000|  0%| F|  |TAMS 0x0000000704c00000| PB 0x0000000704c00000| Untracked 
|  22|0x0000000704e00000, 0x0000000704e00000, 0x0000000705000000|  0%| F|  |TAMS 0x0000000704e00000| PB 0x0000000704e00000| Untracked 
|  23|0x0000000705000000, 0x0000000705000000, 0x0000000705200000|  0%| F|  |TAMS 0x0000000705000000| PB 0x0000000705000000| Untracked 
|  24|0x0000000705200000, 0x0000000705200000, 0x0000000705400000|  0%| F|  |TAMS 0x0000000705200000| PB 0x0000000705200000| Untracked 
|  25|0x0000000705400000, 0x0000000705400000, 0x0000000705600000|  0%| F|  |TAMS 0x0000000705400000| PB 0x0000000705400000| Untracked 
|  26|0x0000000705600000, 0x0000000705600000, 0x0000000705800000|  0%| F|  |TAMS 0x0000000705600000| PB 0x0000000705600000| Untracked 
|  59|0x0000000709800000, 0x000000070990ff38, 0x0000000709a00000| 53%| E|  |TAMS 0x0000000709800000| PB 0x0000000709800000| Complete 
|  60|0x0000000709a00000, 0x0000000709c00000, 0x0000000709c00000|100%| E|CS|TAMS 0x0000000709a00000| PB 0x0000000709a00000| Complete 
| 126|0x0000000711e00000, 0x0000000712000000, 0x0000000712000000|100%| E|CS|TAMS 0x0000000711e00000| PB 0x0000000711e00000| Complete 

Card table byte_map: [0x0000016efb090000,0x0000016efb880000] _byte_map_base: 0x0000016ef787f000

Marking Bits: (CMBitMap*) 0x0000016ef6e05fd0
 Bits: [0x0000016efb880000, 0x0000016eff7f8000)

Polling page: 0x0000016ef4d40000

Metaspace:

Usage:
  Non-class:     66.06 MB used.
      Class:      9.61 MB used.
       Both:     75.67 MB used.

Virtual space:
  Non-class space:      128.00 MB reserved,      66.69 MB ( 52%) committed,  2 nodes.
      Class space:        1.00 GB reserved,      10.06 MB ( <1%) committed,  1 nodes.
             Both:        1.12 GB reserved,      76.75 MB (  7%) committed. 

Chunk freelists:
   Non-Class:  13.17 MB
       Class:  6.05 MB
        Both:  19.21 MB

MaxMetaspaceSize: unlimited
CompressedClassSpaceSize: 1.00 GB
Initial GC threshold: 21.00 MB
Current GC threshold: 127.62 MB
CDS: off
 - commit_granule_bytes: 65536.
 - commit_granule_words: 8192.
 - virtual_space_node_default_size: 8388608.
 - enlarge_chunks_in_place: 1.
 - use_allocation_guard: 0.


Internal statistics:

num_allocs_failed_limit: 9.
num_arena_births: 1018.
num_arena_deaths: 354.
num_vsnodes_births: 3.
num_vsnodes_deaths: 0.
num_space_committed: 1228.
num_space_uncommitted: 0.
num_chunks_returned_to_freelist: 422.
num_chunks_taken_from_freelist: 3534.
num_chunk_merges: 106.
num_chunk_splits: 2491.
num_chunks_enlarged: 1904.
num_inconsistent_stats: 0.

CodeHeap 'non-profiled nmethods': size=120000Kb used=3800Kb max_used=3815Kb free=116199Kb
 bounds [0x0000016e87ad0000, 0x0000016e87e90000, 0x0000016e8f000000]
CodeHeap 'profiled nmethods': size=120000Kb used=11855Kb max_used=11855Kb free=108144Kb
 bounds [0x0000016e80000000, 0x0000016e80ba0000, 0x0000016e87530000]
CodeHeap 'non-nmethods': size=5760Kb used=1681Kb max_used=1763Kb free=4078Kb
 bounds [0x0000016e87530000, 0x0000016e877a0000, 0x0000016e87ad0000]
 total_blobs=7012 nmethods=6294 adapters=622
 compilation: enabled
              stopped_count=0, restarted_count=0
 full_count=0

Compilation events (20 events):
Event: 22606.703 Thread 0x0000016e950fb5a0 nmethod 7030 0x0000016e80b8cd90 code [0x0000016e80b8cf40, 0x0000016e80b8d180]
Event: 22616.710 Thread 0x0000016e950fb5a0 7031       3       java.net.ConnectException::<init> (6 bytes)
Event: 22616.710 Thread 0x0000016e950fb5a0 nmethod 7031 0x0000016e80b8d290 code [0x0000016e80b8d440, 0x0000016e80b8d690]
Event: 22616.710 Thread 0x0000016e950fb5a0 7032       3       sun.net.util.SocketExceptions::of (46 bytes)
Event: 22616.711 Thread 0x0000016e950fb5a0 nmethod 7032 0x0000016e80b8d790 code [0x0000016e80b8d920, 0x0000016e80b8da20]
Event: 22616.711 Thread 0x0000016e950fb5a0 7033       3       org.postgresql.util.HostSpec::toString (30 bytes)
Event: 22616.711 Thread 0x0000016e950fb5a0 nmethod 7033 0x0000016e80b8da90 code [0x0000016e80b8dca0, 0x0000016e80b8e218]
Event: 22651.787 Thread 0x0000016e9508a3e0 7035       4       java.lang.Integer::parseInt (264 bytes)
Event: 22651.796 Thread 0x0000016e9508a3e0 nmethod 7035 0x0000016e87d56490 code [0x0000016e87d56660, 0x0000016e87d56b60]
Event: 22656.796 Thread 0x0000016e9508a3e0 7036       4       java.security.AccessController::doPrivileged (9 bytes)
Event: 22656.797 Thread 0x0000016e9508a3e0 nmethod 7036 0x0000016e87d56110 code [0x0000016e87d562a0, 0x0000016e87d56360]
Event: 22706.888 Thread 0x0000016e950fb5a0 7037   !   3       java.net.URI$Parser::parseServer (384 bytes)
Event: 22706.891 Thread 0x0000016e950fb5a0 nmethod 7037 0x0000016e80b8e490 code [0x0000016e80b8ea40, 0x0000016e80b916b8]
Event: 22711.899 Thread 0x0000016e950fb5a0 7038       3       sun.nio.ch.NioSocketImpl::<init> (43 bytes)
Event: 22711.900 Thread 0x0000016e950fb5a0 nmethod 7038 0x0000016e80b92990 code [0x0000016e80b92be0, 0x0000016e80b936f8]
Event: 22711.900 Thread 0x0000016e950fb5a0 7039       3       java.net.SocksSocketImpl::<init> (38 bytes)
Event: 22711.900 Thread 0x0000016e950fb5a0 nmethod 7039 0x0000016e80b93a10 code [0x0000016e80b93bc0, 0x0000016e80b93de8]
Event: 22837.110 Thread 0x0000016e9508a3e0 7040       4       java.util.HashMap$HashIterator::<init> (79 bytes)
Event: 22837.115 Thread 0x0000016e9508a3e0 nmethod 7040 0x0000016e87d55a10 code [0x0000016e87d55ba0, 0x0000016e87d55fc8]
Event: 22927.257 Thread 0x0000016e9508a3e0 7041       4       java.lang.String::<init> (14 bytes)

GC Heap History (20 events):
Event: 6.776 GC heap before
{Heap before GC invocations=8 (full 0):
 garbage-first heap   total 147456K, used 35001K [0x0000000702200000, 0x0000000800000000)
  region size 2048K, 12 young (24576K), 1 survivors (2048K)
 Metaspace       used 35522K, committed 35968K, reserved 1114112K
  class space    used 4072K, committed 4288K, reserved 1048576K
}
Event: 6.784 GC heap after
{Heap after GC invocations=9 (full 0):
 garbage-first heap   total 147456K, used 17063K [0x0000000702200000, 0x0000000800000000)
  region size 2048K, 2 young (4096K), 2 survivors (4096K)
 Metaspace       used 35522K, committed 35968K, reserved 1114112K
  class space    used 4072K, committed 4288K, reserved 1048576K
}
Event: 8.597 GC heap before
{Heap before GC invocations=10 (full 0):
 garbage-first heap   total 61440K, used 49831K [0x0000000702200000, 0x0000000800000000)
  region size 2048K, 18 young (36864K), 2 survivors (4096K)
 Metaspace       used 43254K, committed 43776K, reserved 1114112K
  class space    used 5103K, committed 5312K, reserved 1048576K
}
Event: 8.605 GC heap after
{Heap after GC invocations=11 (full 0):
 garbage-first heap   total 61440K, used 19261K [0x0000000702200000, 0x0000000800000000)
  region size 2048K, 3 young (6144K), 3 survivors (6144K)
 Metaspace       used 43254K, committed 43776K, reserved 1114112K
  class space    used 5103K, committed 5312K, reserved 1048576K
}
Event: 10.093 GC heap before
{Heap before GC invocations=11 (full 0):
 garbage-first heap   total 61440K, used 45885K [0x0000000702200000, 0x0000000800000000)
  region size 2048K, 16 young (32768K), 3 survivors (6144K)
 Metaspace       used 50847K, committed 51456K, reserved 1114112K
  class space    used 6227K, committed 6528K, reserved 1048576K
}
Event: 10.104 GC heap after
{Heap after GC invocations=12 (full 0):
 garbage-first heap   total 61440K, used 21451K [0x0000000702200000, 0x0000000800000000)
  region size 2048K, 2 young (4096K), 2 survivors (4096K)
 Metaspace       used 50847K, committed 51456K, reserved 1114112K
  class space    used 6227K, committed 6528K, reserved 1048576K
}
Event: 11.356 GC heap before
{Heap before GC invocations=12 (full 0):
 garbage-first heap   total 61440K, used 46027K [0x0000000702200000, 0x0000000800000000)
  region size 2048K, 15 young (30720K), 2 survivors (4096K)
 Metaspace       used 58381K, committed 59008K, reserved 1114112K
  class space    used 7270K, committed 7552K, reserved 1048576K
}
Event: 11.360 GC heap after
{Heap after GC invocations=13 (full 0):
 garbage-first heap   total 61440K, used 22624K [0x0000000702200000, 0x0000000800000000)
  region size 2048K, 2 young (4096K), 2 survivors (4096K)
 Metaspace       used 58381K, committed 59008K, reserved 1114112K
  class space    used 7270K, committed 7552K, reserved 1048576K
}
Event: 11.523 GC heap before
{Heap before GC invocations=13 (full 0):
 garbage-first heap   total 61440K, used 24672K [0x0000000702200000, 0x0000000800000000)
  region size 2048K, 4 young (8192K), 2 survivors (4096K)
 Metaspace       used 59593K, committed 60160K, reserved 1114112K
  class space    used 7403K, committed 7680K, reserved 1048576K
}
Event: 11.528 GC heap after
{Heap after GC invocations=14 (full 0):
 garbage-first heap   total 61440K, used 22933K [0x0000000702200000, 0x0000000800000000)
  region size 2048K, 1 young (2048K), 1 survivors (2048K)
 Metaspace       used 59593K, committed 60160K, reserved 1114112K
  class space    used 7403K, committed 7680K, reserved 1048576K
}
Event: 13.335 GC heap before
{Heap before GC invocations=15 (full 0):
 garbage-first heap   total 61440K, used 51605K [0x0000000702200000, 0x0000000800000000)
  region size 2048K, 15 young (30720K), 1 survivors (2048K)
 Metaspace       used 65874K, committed 66560K, reserved 1114112K
  class space    used 8471K, committed 8768K, reserved 1048576K
}
Event: 13.339 GC heap after
{Heap after GC invocations=16 (full 0):
 garbage-first heap   total 61440K, used 24234K [0x0000000702200000, 0x0000000800000000)
  region size 2048K, 2 young (4096K), 2 survivors (4096K)
 Metaspace       used 65874K, committed 66560K, reserved 1114112K
  class space    used 8471K, committed 8768K, reserved 1048576K
}
Event: 14.326 GC heap before
{Heap before GC invocations=16 (full 0):
 garbage-first heap   total 61440K, used 50858K [0x0000000702200000, 0x0000000800000000)
  region size 2048K, 15 young (30720K), 2 survivors (4096K)
 Metaspace       used 69960K, committed 70656K, reserved 1114112K
  class space    used 8964K, committed 9280K, reserved 1048576K
}
Event: 14.336 GC heap after
{Heap after GC invocations=17 (full 0):
 garbage-first heap   total 61440K, used 25950K [0x0000000702200000, 0x0000000800000000)
  region size 2048K, 2 young (4096K), 2 survivors (4096K)
 Metaspace       used 69960K, committed 70656K, reserved 1114112K
  class space    used 8964K, committed 9280K, reserved 1048576K
}
Event: 4413.726 GC heap before
{Heap before GC invocations=17 (full 0):
 garbage-first heap   total 61440K, used 52574K [0x0000000702200000, 0x0000000800000000)
  region size 2048K, 15 young (30720K), 2 survivors (4096K)
 Metaspace       used 73380K, committed 74176K, reserved 1114112K
  class space    used 9369K, committed 9728K, reserved 1048576K
}
Event: 4413.787 GC heap after
{Heap after GC invocations=18 (full 0):
 garbage-first heap   total 61440K, used 28338K [0x0000000702200000, 0x0000000800000000)
  region size 2048K, 2 young (4096K), 2 survivors (4096K)
 Metaspace       used 73380K, committed 74176K, reserved 1114112K
  class space    used 9369K, committed 9728K, reserved 1048576K
}
Event: 8894.745 GC heap before
{Heap before GC invocations=18 (full 0):
 garbage-first heap   total 61440K, used 48818K [0x0000000702200000, 0x0000000800000000)
  region size 2048K, 13 young (26624K), 2 survivors (4096K)
 Metaspace       used 77567K, committed 78400K, reserved 1179648K
  class space    used 9923K, committed 10304K, reserved 1048576K
}
Event: 8894.786 GC heap after
{Heap after GC invocations=19 (full 0):
 garbage-first heap   total 61440K, used 29228K [0x0000000702200000, 0x0000000800000000)
  region size 2048K, 1 young (2048K), 1 survivors (2048K)
 Metaspace       used 77567K, committed 78400K, reserved 1179648K
  class space    used 9923K, committed 10304K, reserved 1048576K
}
Event: 21096.554 GC heap before
{Heap before GC invocations=20 (full 0):
 garbage-first heap   total 61440K, used 53804K [0x0000000702200000, 0x0000000800000000)
  region size 2048K, 13 young (26624K), 1 survivors (2048K)
 Metaspace       used 77363K, committed 78464K, reserved 1179648K
  class space    used 9836K, committed 10304K, reserved 1048576K
}
Event: 21096.655 GC heap after
{Heap after GC invocations=21 (full 0):
 garbage-first heap   total 61440K, used 29119K [0x0000000702200000, 0x0000000800000000)
  region size 2048K, 1 young (2048K), 1 survivors (2048K)
 Metaspace       used 77363K, committed 78464K, reserved 1179648K
  class space    used 9836K, committed 10304K, reserved 1048576K
}

Dll operation events (11 events):
Event: 0.066 Loaded shared library C:\Users\Utilisateur\Downloads\eclipse-jee-2024-09-R-win32-x86_64\eclipse\plugins\org.eclipse.justj.openjdk.hotspot.jre.full.win32.x86_64_21.0.4.v20240802-1551\jre\bin\java.dll
Event: 0.088 Loaded shared library C:\Users\Utilisateur\Downloads\eclipse-jee-2024-09-R-win32-x86_64\eclipse\plugins\org.eclipse.justj.openjdk.hotspot.jre.full.win32.x86_64_21.0.4.v20240802-1551\jre\bin\zip.dll
Event: 0.795 Loaded shared library C:\Users\Utilisateur\Downloads\eclipse-jee-2024-09-R-win32-x86_64\eclipse\plugins\org.eclipse.justj.openjdk.hotspot.jre.full.win32.x86_64_21.0.4.v20240802-1551\jre\bin\net.dll
Event: 0.804 Loaded shared library C:\Users\Utilisateur\Downloads\eclipse-jee-2024-09-R-win32-x86_64\eclipse\plugins\org.eclipse.justj.openjdk.hotspot.jre.full.win32.x86_64_21.0.4.v20240802-1551\jre\bin\nio.dll
Event: 0.818 Loaded shared library C:\Users\Utilisateur\Downloads\eclipse-jee-2024-09-R-win32-x86_64\eclipse\plugins\org.eclipse.justj.openjdk.hotspot.jre.full.win32.x86_64_21.0.4.v20240802-1551\jre\bin\zip.dll
Event: 1.091 Loaded shared library C:\Users\Utilisateur\Downloads\eclipse-jee-2024-09-R-win32-x86_64\eclipse\plugins\org.eclipse.justj.openjdk.hotspot.jre.full.win32.x86_64_21.0.4.v20240802-1551\jre\bin\jimage.dll
Event: 3.678 Loaded shared library C:\Users\Utilisateur\Downloads\eclipse-jee-2024-09-R-win32-x86_64\eclipse\plugins\org.eclipse.justj.openjdk.hotspot.jre.full.win32.x86_64_21.0.4.v20240802-1551\jre\bin\sunmscapi.dll
Event: 7.392 Loaded shared library C:\Users\Utilisateur\Downloads\eclipse-jee-2024-09-R-win32-x86_64\eclipse\plugins\org.eclipse.justj.openjdk.hotspot.jre.full.win32.x86_64_21.0.4.v20240802-1551\jre\bin\management.dll
Event: 7.405 Loaded shared library C:\Users\Utilisateur\Downloads\eclipse-jee-2024-09-R-win32-x86_64\eclipse\plugins\org.eclipse.justj.openjdk.hotspot.jre.full.win32.x86_64_21.0.4.v20240802-1551\jre\bin\management_ext.dll
Event: 8.807 Loaded shared library C:\Users\Utilisateur\Downloads\eclipse-jee-2024-09-R-win32-x86_64\eclipse\plugins\org.eclipse.justj.openjdk.hotspot.jre.full.win32.x86_64_21.0.4.v20240802-1551\jre\bin\verify.dll
Event: 9.361 Loaded shared library C:\Users\Utilisateur\Downloads\eclipse-jee-2024-09-R-win32-x86_64\eclipse\plugins\org.eclipse.justj.openjdk.hotspot.jre.full.win32.x86_64_21.0.4.v20240802-1551\jre\bin\extnet.dll

Deoptimization events (20 events):
Event: 21329.739 Thread 0x0000016e971b9000 Uncommon trap: trap_request=0xffffff45 fr.pc=0x0000016e87b94e98 relative=0x0000000000000378
Event: 21329.739 Thread 0x0000016e971b9000 Uncommon trap: reason=unstable_if action=reinterpret pc=0x0000016e87b94e98 method=java.lang.StringUTF16.compress([CII)[B @ 13 c2
Event: 21329.739 Thread 0x0000016e971b9000 DEOPT PACKING pc=0x0000016e87b94e98 sp=0x00000068221fe350
Event: 21329.740 Thread 0x0000016e971b9000 DEOPT UNPACKING pc=0x0000016e875846a2 sp=0x00000068221fe290 mode 2
Event: 21329.741 Thread 0x0000016e971b9000 Uncommon trap: trap_request=0xffffff45 fr.pc=0x0000016e87b06ecc relative=0x000000000000056c
Event: 21329.741 Thread 0x0000016e971b9000 Uncommon trap: reason=unstable_if action=reinterpret pc=0x0000016e87b06ecc method=java.lang.AbstractStringBuilder.inflateIfNeededFor(Ljava/lang/String;)V @ 14 c2
Event: 21329.741 Thread 0x0000016e971b9000 DEOPT PACKING pc=0x0000016e87b06ecc sp=0x00000068221fe430
Event: 21329.741 Thread 0x0000016e971b9000 DEOPT UNPACKING pc=0x0000016e875846a2 sp=0x00000068221fe2e0 mode 2
Event: 21329.741 Thread 0x0000016e971b9000 Uncommon trap: trap_request=0xffffff45 fr.pc=0x0000016e87b40b84 relative=0x0000000000000544
Event: 21329.741 Thread 0x0000016e971b9000 Uncommon trap: reason=unstable_if action=reinterpret pc=0x0000016e87b40b84 method=java.lang.AbstractStringBuilder.isLatin1()Z @ 10 c2
Event: 21329.741 Thread 0x0000016e971b9000 DEOPT PACKING pc=0x0000016e87b40b84 sp=0x00000068221fe440
Event: 21329.742 Thread 0x0000016e971b9000 DEOPT UNPACKING pc=0x0000016e875846a2 sp=0x00000068221fe2d8 mode 2
Event: 21329.945 Thread 0x0000016e971b9000 Uncommon trap: trap_request=0xffffff45 fr.pc=0x0000016e87b031a0 relative=0x0000000000000200
Event: 21329.945 Thread 0x0000016e971b9000 Uncommon trap: reason=unstable_if action=reinterpret pc=0x0000016e87b031a0 method=java.lang.StringUTF16.compress([CI[BII)I @ 20 c2
Event: 21329.945 Thread 0x0000016e971b9000 DEOPT PACKING pc=0x0000016e87b031a0 sp=0x00000068221fe280
Event: 21329.945 Thread 0x0000016e971b9000 DEOPT UNPACKING pc=0x0000016e875846a2 sp=0x00000068221fe1f0 mode 2
Event: 21329.945 Thread 0x0000016e971b9000 Uncommon trap: trap_request=0xffffff45 fr.pc=0x0000016e87b061d0 relative=0x0000000000000570
Event: 21329.945 Thread 0x0000016e971b9000 Uncommon trap: reason=unstable_if action=reinterpret pc=0x0000016e87b061d0 method=java.lang.AbstractStringBuilder.inflateIfNeededFor(Ljava/lang/String;)V @ 14 c2
Event: 21329.945 Thread 0x0000016e971b9000 DEOPT PACKING pc=0x0000016e87b061d0 sp=0x00000068221fe3d0
Event: 21329.947 Thread 0x0000016e971b9000 DEOPT UNPACKING pc=0x0000016e875846a2 sp=0x00000068221fe2d8 mode 2

Classes loaded (20 events):
Event: 4414.633 Loading class java/util/OptionalLong
Event: 4414.634 Loading class java/util/OptionalLong done
Event: 4414.634 Loading class java/util/OptionalDouble
Event: 4414.635 Loading class java/util/OptionalDouble done
Event: 4414.775 Loading class java/util/stream/LongStream
Event: 4414.776 Loading class java/util/stream/LongStream done
Event: 4414.776 Loading class java/util/stream/DoubleStream
Event: 4414.777 Loading class java/util/stream/DoubleStream done
Event: 4414.865 Loading class org/w3c/dom/Node
Event: 4414.871 Loading class org/w3c/dom/Node done
Event: 4414.871 Loading class org/w3c/dom/Document
Event: 4414.871 Loading class org/w3c/dom/Document done
Event: 21281.766 Loading class java/util/ResourceBundle$Control$1
Event: 21281.769 Loading class java/util/ResourceBundle$Control$1 done
Event: 21329.553 Loading class sun/net/ConnectionResetException
Event: 21329.555 Loading class sun/net/ConnectionResetException done
Event: 21339.503 Loading class sun/net/util/SocketExceptions
Event: 21339.506 Loading class sun/net/util/SocketExceptions done
Event: 21339.506 Loading class java/text/MessageFormat$Field
Event: 21339.508 Loading class java/text/MessageFormat$Field done

Classes unloaded (20 events):
Event: 8894.933 Thread 0x0000016effd2edb0 Unloading class 0x0000000800120c00 'java/lang/invoke/LambdaForm$MH+0x0000000800120c00'
Event: 8894.933 Thread 0x0000016effd2edb0 Unloading class 0x0000000800120800 'java/lang/invoke/LambdaForm$MH+0x0000000800120800'
Event: 8894.933 Thread 0x0000016effd2edb0 Unloading class 0x0000000800120000 'java/lang/invoke/LambdaForm$MH+0x0000000800120000'
Event: 8894.933 Thread 0x0000016effd2edb0 Unloading class 0x0000000800119800 'java/lang/invoke/LambdaForm$MH+0x0000000800119800'
Event: 8894.933 Thread 0x0000016effd2edb0 Unloading class 0x0000000800119000 'java/lang/invoke/LambdaForm$MH+0x0000000800119000'
Event: 8894.934 Thread 0x0000016effd2edb0 Unloading class 0x00000008000d3400 'java/lang/invoke/LambdaForm$MH+0x00000008000d3400'
Event: 8894.934 Thread 0x0000016effd2edb0 Unloading class 0x00000008000d2c00 'java/lang/invoke/LambdaForm$MH+0x00000008000d2c00'
Event: 8894.934 Thread 0x0000016effd2edb0 Unloading class 0x00000008000d2400 'java/lang/invoke/LambdaForm$MH+0x00000008000d2400'
Event: 8894.934 Thread 0x0000016effd2edb0 Unloading class 0x00000008000d2000 'java/lang/invoke/LambdaForm$MH+0x00000008000d2000'
Event: 8894.934 Thread 0x0000016effd2edb0 Unloading class 0x00000008000d1000 'java/lang/invoke/LambdaForm$MH+0x00000008000d1000'
Event: 8894.934 Thread 0x0000016effd2edb0 Unloading class 0x00000008000d0400 'java/lang/invoke/LambdaForm$MH+0x00000008000d0400'
Event: 8894.934 Thread 0x0000016effd2edb0 Unloading class 0x00000008000d0000 'java/lang/invoke/LambdaForm$MH+0x00000008000d0000'
Event: 8894.934 Thread 0x0000016effd2edb0 Unloading class 0x00000008000cf800 'java/lang/invoke/LambdaForm$MH+0x00000008000cf800'
Event: 8894.934 Thread 0x0000016effd2edb0 Unloading class 0x00000008000cf400 'java/lang/invoke/LambdaForm$MH+0x00000008000cf400'
Event: 8894.934 Thread 0x0000016effd2edb0 Unloading class 0x00000008000cf000 'java/lang/invoke/LambdaForm$MH+0x00000008000cf000'
Event: 8894.934 Thread 0x0000016effd2edb0 Unloading class 0x00000008000ce400 'java/lang/invoke/LambdaForm$MH+0x00000008000ce400'
Event: 8894.934 Thread 0x0000016effd2edb0 Unloading class 0x00000008000cd400 'java/lang/invoke/LambdaForm$MH+0x00000008000cd400'
Event: 8894.934 Thread 0x0000016effd2edb0 Unloading class 0x00000008000cc800 'java/lang/invoke/LambdaForm$MH+0x00000008000cc800'
Event: 8894.934 Thread 0x0000016effd2edb0 Unloading class 0x00000008000cc000 'java/lang/invoke/LambdaForm$MH+0x00000008000cc000'
Event: 8894.934 Thread 0x0000016effd2edb0 Unloading class 0x00000008000c0c00 'java/lang/invoke/LambdaForm$MH+0x00000008000c0c00'

Classes redefined (0 events):
No events

Internal exceptions (20 events):
Event: 22832.106 Thread 0x0000016e971b9000 Exception <a 'java/net/ConnectException'{0x00000007098c68b8}: Connection refused: getsockopt> (0x00000007098c68b8) 
thrown [s\src\hotspot\share\prims\jni.cpp, line 539]
Event: 22837.111 Thread 0x0000016e971b9000 Exception <a 'java/net/ConnectException'{0x00000007098c92f8}: Connection refused: getsockopt> (0x00000007098c92f8) 
thrown [s\src\hotspot\share\prims\jni.cpp, line 539]
Event: 22842.120 Thread 0x0000016e971b9000 Exception <a 'java/net/ConnectException'{0x00000007098cbd38}: Connection refused: getsockopt> (0x00000007098cbd38) 
thrown [s\src\hotspot\share\prims\jni.cpp, line 539]
Event: 22847.127 Thread 0x0000016e971b9000 Exception <a 'java/net/ConnectException'{0x00000007098ce778}: Connection refused: getsockopt> (0x00000007098ce778) 
thrown [s\src\hotspot\share\prims\jni.cpp, line 539]
Event: 22852.134 Thread 0x0000016e971b9000 Exception <a 'java/net/ConnectException'{0x00000007098d1430}: Connection refused: getsockopt> (0x00000007098d1430) 
thrown [s\src\hotspot\share\prims\jni.cpp, line 539]
Event: 22857.145 Thread 0x0000016e971b9000 Exception <a 'java/net/ConnectException'{0x00000007098d3e70}: Connection refused: getsockopt> (0x00000007098d3e70) 
thrown [s\src\hotspot\share\prims\jni.cpp, line 539]
Event: 22862.151 Thread 0x0000016e971b9000 Exception <a 'java/net/ConnectException'{0x00000007098d6ac8}: Connection refused: getsockopt> (0x00000007098d6ac8) 
thrown [s\src\hotspot\share\prims\jni.cpp, line 539]
Event: 22867.164 Thread 0x0000016e971b9000 Exception <a 'java/net/ConnectException'{0x00000007098d9508}: Connection refused: getsockopt> (0x00000007098d9508) 
thrown [s\src\hotspot\share\prims\jni.cpp, line 539]
Event: 22872.170 Thread 0x0000016e971b9000 Exception <a 'java/net/ConnectException'{0x00000007098dbf48}: Connection refused: getsockopt> (0x00000007098dbf48) 
thrown [s\src\hotspot\share\prims\jni.cpp, line 539]
Event: 22877.179 Thread 0x0000016e971b9000 Exception <a 'java/net/ConnectException'{0x00000007098debe0}: Connection refused: getsockopt> (0x00000007098debe0) 
thrown [s\src\hotspot\share\prims\jni.cpp, line 539]
Event: 22882.187 Thread 0x0000016e971b9000 Exception <a 'java/net/ConnectException'{0x00000007098e1620}: Connection refused: getsockopt> (0x00000007098e1620) 
thrown [s\src\hotspot\share\prims\jni.cpp, line 539]
Event: 22887.195 Thread 0x0000016e971b9000 Exception <a 'java/net/ConnectException'{0x00000007098e4060}: Connection refused: getsockopt> (0x00000007098e4060) 
thrown [s\src\hotspot\share\prims\jni.cpp, line 539]
Event: 22892.206 Thread 0x0000016e971b9000 Exception <a 'java/net/ConnectException'{0x00000007098e6cb8}: Connection refused: getsockopt> (0x00000007098e6cb8) 
thrown [s\src\hotspot\share\prims\jni.cpp, line 539]
Event: 22897.215 Thread 0x0000016e971b9000 Exception <a 'java/net/ConnectException'{0x00000007098e96f8}: Connection refused: getsockopt> (0x00000007098e96f8) 
thrown [s\src\hotspot\share\prims\jni.cpp, line 539]
Event: 22902.222 Thread 0x0000016e971b9000 Exception <a 'java/net/ConnectException'{0x00000007098ec138}: Connection refused: getsockopt> (0x00000007098ec138) 
thrown [s\src\hotspot\share\prims\jni.cpp, line 539]
Event: 22907.230 Thread 0x0000016e971b9000 Exception <a 'java/net/ConnectException'{0x00000007098eedd0}: Connection refused: getsockopt> (0x00000007098eedd0) 
thrown [s\src\hotspot\share\prims\jni.cpp, line 539]
Event: 22912.237 Thread 0x0000016e971b9000 Exception <a 'java/net/ConnectException'{0x00000007098f1810}: Connection refused: getsockopt> (0x00000007098f1810) 
thrown [s\src\hotspot\share\prims\jni.cpp, line 539]
Event: 22917.243 Thread 0x0000016e971b9000 Exception <a 'java/net/ConnectException'{0x00000007098f4250}: Connection refused: getsockopt> (0x00000007098f4250) 
thrown [s\src\hotspot\share\prims\jni.cpp, line 539]
Event: 22922.253 Thread 0x0000016e971b9000 Exception <a 'java/net/ConnectException'{0x00000007098f6ea8}: Connection refused: getsockopt> (0x00000007098f6ea8) 
thrown [s\src\hotspot\share\prims\jni.cpp, line 539]
Event: 22927.258 Thread 0x0000016e971b9000 Exception <a 'java/net/ConnectException'{0x00000007098f98e8}: Connection refused: getsockopt> (0x00000007098f98e8) 
thrown [s\src\hotspot\share\prims\jni.cpp, line 539]

ZGC Phase Switch (0 events):
No events

VM Operations (20 events):
Event: 22021.265 Executing VM operation: Cleanup
Event: 22021.265 Executing VM operation: Cleanup done
Event: 22051.613 Executing VM operation: Cleanup
Event: 22051.613 Executing VM operation: Cleanup done
Event: 22127.420 Executing VM operation: Cleanup
Event: 22127.420 Executing VM operation: Cleanup done
Event: 22296.311 Executing VM operation: Cleanup
Event: 22296.311 Executing VM operation: Cleanup done
Event: 22362.094 Executing VM operation: Cleanup
Event: 22362.094 Executing VM operation: Cleanup done
Event: 22532.093 Executing VM operation: Cleanup
Event: 22532.093 Executing VM operation: Cleanup done
Event: 22552.311 Executing VM operation: Cleanup
Event: 22552.311 Executing VM operation: Cleanup done
Event: 22612.034 Executing VM operation: Cleanup
Event: 22612.034 Executing VM operation: Cleanup done
Event: 22622.143 Executing VM operation: Cleanup
Event: 22622.143 Executing VM operation: Cleanup done
Event: 22662.591 Executing VM operation: Cleanup
Event: 22662.591 Executing VM operation: Cleanup done

Memory protections (0 events):
No events

Nmethod flushes (20 events):
Event: 8895.127 Thread 0x0000016effd2edb0 flushing  nmethod 0x0000016e8016a090
Event: 8895.127 Thread 0x0000016effd2edb0 flushing  nmethod 0x0000016e8016ff90
Event: 8895.127 Thread 0x0000016effd2edb0 flushing  nmethod 0x0000016e80171490
Event: 8895.127 Thread 0x0000016effd2edb0 flushing  nmethod 0x0000016e8019ac90
Event: 8895.127 Thread 0x0000016effd2edb0 flushing  nmethod 0x0000016e8019ee90
Event: 8895.127 Thread 0x0000016effd2edb0 flushing  nmethod 0x0000016e80216190
Event: 8895.127 Thread 0x0000016effd2edb0 flushing  nmethod 0x0000016e8021a110
Event: 8895.128 Thread 0x0000016effd2edb0 flushing  nmethod 0x0000016e8026ca90
Event: 8895.128 Thread 0x0000016effd2edb0 flushing  nmethod 0x0000016e8031bd90
Event: 8895.128 Thread 0x0000016effd2edb0 flushing  nmethod 0x0000016e803c3590
Event: 8895.128 Thread 0x0000016effd2edb0 flushing  nmethod 0x0000016e80556190
Event: 8895.128 Thread 0x0000016effd2edb0 flushing  nmethod 0x0000016e80583090
Event: 8895.128 Thread 0x0000016effd2edb0 flushing  nmethod 0x0000016e8069ae90
Event: 8895.128 Thread 0x0000016effd2edb0 flushing  nmethod 0x0000016e8069d490
Event: 8895.128 Thread 0x0000016effd2edb0 flushing  nmethod 0x0000016e8069dc90
Event: 8895.128 Thread 0x0000016effd2edb0 flushing  nmethod 0x0000016e806c2f10
Event: 8895.128 Thread 0x0000016effd2edb0 flushing  nmethod 0x0000016e80709090
Event: 8895.128 Thread 0x0000016effd2edb0 flushing  nmethod 0x0000016e80811590
Event: 8895.128 Thread 0x0000016effd2edb0 flushing  nmethod 0x0000016e808ab410
Event: 8895.128 Thread 0x0000016effd2edb0 flushing osr nmethod 0x0000016e808c7790

Events (20 events):
Event: 19624.936 Thread 0x0000016e971b7c50 Thread exited: 0x0000016e971b7c50
Event: 19630.490 Thread 0x0000016e95b8ecb0 Thread added: 0x0000016e971b5b80
Event: 19630.490 Thread 0x0000016e971b5b80 Thread added: 0x0000016e971b6f30
Event: 19635.495 Thread 0x0000016e971b5b80 Thread exited: 0x0000016e971b5b80
Event: 19635.615 Thread 0x0000016e971b6f30 Thread exited: 0x0000016e971b6f30
Event: 21281.599 Thread 0x0000016e95b8ecb0 Thread added: 0x0000016e971bb0d0
Event: 21281.840 Thread 0x0000016e971bb0d0 Thread added: 0x0000016e971b54f0
Event: 21286.849 Thread 0x0000016e971bb0d0 Thread exited: 0x0000016e971bb0d0
Event: 21287.076 Thread 0x0000016e971b54f0 Thread exited: 0x0000016e971b54f0
Event: 21329.545 Thread 0x0000016e95b8ecb0 Thread added: 0x0000016e971b47d0
Event: 21329.548 Thread 0x0000016e971b47d0 Thread added: 0x0000016e971b9000
Event: 21339.439 Thread 0x0000016e971b47d0 Thread exited: 0x0000016e971b47d0
Event: 21352.653 Thread 0x0000016e95b8ecb0 Thread added: 0x0000016e971b8970
Event: 21362.049 Thread 0x0000016e971b8970 Thread exited: 0x0000016e971b8970
Event: 21392.525 Thread 0x0000016e95b8ecb0 Thread added: 0x0000016e971b54f0
Event: 21397.535 Thread 0x0000016e971b54f0 Thread exited: 0x0000016e971b54f0
Event: 21403.012 Thread 0x0000016e95b8ecb0 Thread added: 0x0000016e971b9690
Event: 21408.019 Thread 0x0000016e971b9690 Thread exited: 0x0000016e971b9690
Event: 21417.203 Thread 0x0000016e95b8ecb0 Thread added: 0x0000016e971baa40
Event: 21423.513 Thread 0x0000016e971baa40 Thread exited: 0x0000016e971baa40


Dynamic libraries:
0x00007ff7f1920000 - 0x00007ff7f192e000 	C:\Users\Utilisateur\Downloads\eclipse-jee-2024-09-R-win32-x86_64\eclipse\plugins\org.eclipse.justj.openjdk.hotspot.jre.full.win32.x86_64_21.0.4.v20240802-1551\jre\bin\javaw.exe
0x00007ffb558f0000 - 0x00007ffb55ae8000 	C:\WINDOWS\SYSTEM32\ntdll.dll
0x00007ffb539b0000 - 0x00007ffb53a72000 	C:\WINDOWS\System32\KERNEL32.DLL
0x00007ffb53250000 - 0x00007ffb5354f000 	C:\WINDOWS\System32\KERNELBASE.dll
0x00007ffb53670000 - 0x00007ffb53770000 	C:\WINDOWS\System32\ucrtbase.dll
0x00007ffb1dd00000 - 0x00007ffb1dd18000 	C:\Users\Utilisateur\Downloads\eclipse-jee-2024-09-R-win32-x86_64\eclipse\plugins\org.eclipse.justj.openjdk.hotspot.jre.full.win32.x86_64_21.0.4.v20240802-1551\jre\bin\jli.dll
0x00007ffb54b50000 - 0x00007ffb54ced000 	C:\WINDOWS\System32\USER32.dll
0x00007ffb53830000 - 0x00007ffb53852000 	C:\WINDOWS\System32\win32u.dll
0x00007ffb53ae0000 - 0x00007ffb53b0b000 	C:\WINDOWS\System32\GDI32.dll
0x00007ffb1d380000 - 0x00007ffb1d39b000 	C:\Users\Utilisateur\Downloads\eclipse-jee-2024-09-R-win32-x86_64\eclipse\plugins\org.eclipse.justj.openjdk.hotspot.jre.full.win32.x86_64_21.0.4.v20240802-1551\jre\bin\VCRUNTIME140.dll
0x00007ffb53550000 - 0x00007ffb5366a000 	C:\WINDOWS\System32\gdi32full.dll
0x00007ffb409c0000 - 0x00007ffb40c5a000 	C:\WINDOWS\WinSxS\amd64_microsoft.windows.common-controls_6595b64144ccf1df_6.0.19041.4355_none_60b8b9eb71f62e16\COMCTL32.dll
0x00007ffb54ab0000 - 0x00007ffb54b4e000 	C:\WINDOWS\System32\msvcrt.dll
0x00007ffb53050000 - 0x00007ffb530ed000 	C:\WINDOWS\System32\msvcp_win.dll
0x00007ffb54cf0000 - 0x00007ffb54d1f000 	C:\WINDOWS\System32\IMM32.DLL
0x00007ffb32f20000 - 0x00007ffb32f2c000 	C:\Users\Utilisateur\Downloads\eclipse-jee-2024-09-R-win32-x86_64\eclipse\plugins\org.eclipse.justj.openjdk.hotspot.jre.full.win32.x86_64_21.0.4.v20240802-1551\jre\bin\vcruntime140_1.dll
0x00007ffaf3570000 - 0x00007ffaf35fe000 	C:\Users\Utilisateur\Downloads\eclipse-jee-2024-09-R-win32-x86_64\eclipse\plugins\org.eclipse.justj.openjdk.hotspot.jre.full.win32.x86_64_21.0.4.v20240802-1551\jre\bin\msvcp140.dll
0x00007ffaa8190000 - 0x00007ffaa8f18000 	C:\Users\Utilisateur\Downloads\eclipse-jee-2024-09-R-win32-x86_64\eclipse\plugins\org.eclipse.justj.openjdk.hotspot.jre.full.win32.x86_64_21.0.4.v20240802-1551\jre\bin\server\jvm.dll
0x00007ffb54d20000 - 0x00007ffb54dcf000 	C:\WINDOWS\System32\ADVAPI32.dll
0x00007ffb555b0000 - 0x00007ffb5564f000 	C:\WINDOWS\System32\sechost.dll
0x00007ffb55650000 - 0x00007ffb55773000 	C:\WINDOWS\System32\RPCRT4.dll
0x00007ffb53770000 - 0x00007ffb53797000 	C:\WINDOWS\System32\bcrypt.dll
0x00007ffb54540000 - 0x00007ffb545ab000 	C:\WINDOWS\System32\WS2_32.dll
0x00007ffb52df0000 - 0x00007ffb52e3b000 	C:\WINDOWS\SYSTEM32\POWRPROF.dll
0x00007ffb3fea0000 - 0x00007ffb3fec7000 	C:\WINDOWS\SYSTEM32\WINMM.dll
0x00007ffb4d370000 - 0x00007ffb4d37a000 	C:\WINDOWS\SYSTEM32\VERSION.dll
0x00007ffb52dd0000 - 0x00007ffb52de2000 	C:\WINDOWS\SYSTEM32\UMPDC.dll
0x00007ffb51750000 - 0x00007ffb51762000 	C:\WINDOWS\SYSTEM32\kernel.appcore.dll
0x00007ffb20220000 - 0x00007ffb2022a000 	C:\Users\Utilisateur\Downloads\eclipse-jee-2024-09-R-win32-x86_64\eclipse\plugins\org.eclipse.justj.openjdk.hotspot.jre.full.win32.x86_64_21.0.4.v20240802-1551\jre\bin\jimage.dll
0x00007ffb48590000 - 0x00007ffb48774000 	C:\WINDOWS\SYSTEM32\DBGHELP.DLL
0x00007ffb324a0000 - 0x00007ffb324d4000 	C:\WINDOWS\SYSTEM32\dbgcore.DLL
0x00007ffb537a0000 - 0x00007ffb53822000 	C:\WINDOWS\System32\bcryptPrimitives.dll
0x00007ffb04b70000 - 0x00007ffb04b8f000 	C:\Users\Utilisateur\Downloads\eclipse-jee-2024-09-R-win32-x86_64\eclipse\plugins\org.eclipse.justj.openjdk.hotspot.jre.full.win32.x86_64_21.0.4.v20240802-1551\jre\bin\java.dll
0x00007ffb03430000 - 0x00007ffb03448000 	C:\Users\Utilisateur\Downloads\eclipse-jee-2024-09-R-win32-x86_64\eclipse\plugins\org.eclipse.justj.openjdk.hotspot.jre.full.win32.x86_64_21.0.4.v20240802-1551\jre\bin\zip.dll
0x00007ffb54e40000 - 0x00007ffb555ad000 	C:\WINDOWS\System32\SHELL32.dll
0x00007ffb50f90000 - 0x00007ffb51734000 	C:\WINDOWS\SYSTEM32\windows.storage.dll
0x00007ffb53be0000 - 0x00007ffb53f35000 	C:\WINDOWS\System32\combase.dll
0x00007ffb52810000 - 0x00007ffb5283f000 	C:\WINDOWS\SYSTEM32\Wldp.dll
0x00007ffb53b10000 - 0x00007ffb53bdd000 	C:\WINDOWS\System32\OLEAUT32.dll
0x00007ffb54490000 - 0x00007ffb5453d000 	C:\WINDOWS\System32\SHCORE.dll
0x00007ffb545d0000 - 0x00007ffb54625000 	C:\WINDOWS\System32\shlwapi.dll
0x00007ffb52ec0000 - 0x00007ffb52ee4000 	C:\WINDOWS\SYSTEM32\profapi.dll
0x00007ffb1deb0000 - 0x00007ffb1dec0000 	C:\Users\Utilisateur\Downloads\eclipse-jee-2024-09-R-win32-x86_64\eclipse\plugins\org.eclipse.justj.openjdk.hotspot.jre.full.win32.x86_64_21.0.4.v20240802-1551\jre\bin\net.dll
0x00007ffb49ce0000 - 0x00007ffb49dea000 	C:\WINDOWS\SYSTEM32\WINHTTP.dll
0x00007ffb525f0000 - 0x00007ffb5265c000 	C:\WINDOWS\system32\mswsock.dll
0x00007ffb03180000 - 0x00007ffb03196000 	C:\Users\Utilisateur\Downloads\eclipse-jee-2024-09-R-win32-x86_64\eclipse\plugins\org.eclipse.justj.openjdk.hotspot.jre.full.win32.x86_64_21.0.4.v20240802-1551\jre\bin\nio.dll
0x00007ffb1dcf0000 - 0x00007ffb1dcfe000 	C:\Users\Utilisateur\Downloads\eclipse-jee-2024-09-R-win32-x86_64\eclipse\plugins\org.eclipse.justj.openjdk.hotspot.jre.full.win32.x86_64_21.0.4.v20240802-1551\jre\bin\sunmscapi.dll
0x00007ffb530f0000 - 0x00007ffb5324c000 	C:\WINDOWS\System32\CRYPT32.dll
0x00007ffb52960000 - 0x00007ffb52987000 	C:\WINDOWS\SYSTEM32\ncrypt.dll
0x00007ffb52920000 - 0x00007ffb5295b000 	C:\WINDOWS\SYSTEM32\NTASN1.dll
0x00007ffb52850000 - 0x00007ffb52868000 	C:\WINDOWS\SYSTEM32\CRYPTSP.dll
0x00007ffb51f30000 - 0x00007ffb51f64000 	C:\WINDOWS\system32\rsaenh.dll
0x00007ffb52e40000 - 0x00007ffb52e6e000 	C:\WINDOWS\SYSTEM32\USERENV.dll
0x00007ffb52780000 - 0x00007ffb5278c000 	C:\WINDOWS\SYSTEM32\CRYPTBASE.dll
0x00007ffb522f0000 - 0x00007ffb5232b000 	C:\WINDOWS\SYSTEM32\IPHLPAPI.DLL
0x00007ffb545c0000 - 0x00007ffb545c8000 	C:\WINDOWS\System32\NSI.dll
0x00007ffb1d370000 - 0x00007ffb1d37a000 	C:\Users\Utilisateur\Downloads\eclipse-jee-2024-09-R-win32-x86_64\eclipse\plugins\org.eclipse.justj.openjdk.hotspot.jre.full.win32.x86_64_21.0.4.v20240802-1551\jre\bin\management.dll
0x00007ffb061a0000 - 0x00007ffb061ab000 	C:\Users\Utilisateur\Downloads\eclipse-jee-2024-09-R-win32-x86_64\eclipse\plugins\org.eclipse.justj.openjdk.hotspot.jre.full.win32.x86_64_21.0.4.v20240802-1551\jre\bin\management_ext.dll
0x00007ffb54e30000 - 0x00007ffb54e38000 	C:\WINDOWS\System32\PSAPI.DLL
0x00007ffb05fc0000 - 0x00007ffb05fd0000 	C:\Users\Utilisateur\Downloads\eclipse-jee-2024-09-R-win32-x86_64\eclipse\plugins\org.eclipse.justj.openjdk.hotspot.jre.full.win32.x86_64_21.0.4.v20240802-1551\jre\bin\verify.dll
0x00007ffb52330000 - 0x00007ffb523fa000 	C:\WINDOWS\SYSTEM32\DNSAPI.dll
0x00007ffb40760000 - 0x00007ffb4076a000 	C:\Windows\System32\rasadhlp.dll
0x00007ffb40f10000 - 0x00007ffb40f90000 	C:\WINDOWS\System32\fwpuclnt.dll
0x00007ffb04b60000 - 0x00007ffb04b69000 	C:\Users\Utilisateur\Downloads\eclipse-jee-2024-09-R-win32-x86_64\eclipse\plugins\org.eclipse.justj.openjdk.hotspot.jre.full.win32.x86_64_21.0.4.v20240802-1551\jre\bin\extnet.dll
0x00007ffb413b0000 - 0x00007ffb413b7000 	C:\WINDOWS\system32\wshunix.dll

dbghelp: loaded successfully - version: 4.0.5 - missing functions: none
symbol engine: initialized successfully - sym options: 0x614 - pdb path: .;C:\Users\Utilisateur\Downloads\eclipse-jee-2024-09-R-win32-x86_64\eclipse\plugins\org.eclipse.justj.openjdk.hotspot.jre.full.win32.x86_64_21.0.4.v20240802-1551\jre\bin;C:\WINDOWS\SYSTEM32;C:\WINDOWS\WinSxS\amd64_microsoft.windows.common-controls_6595b64144ccf1df_6.0.19041.4355_none_60b8b9eb71f62e16;C:\Users\Utilisateur\Downloads\eclipse-jee-2024-09-R-win32-x86_64\eclipse\plugins\org.eclipse.justj.openjdk.hotspot.jre.full.win32.x86_64_21.0.4.v20240802-1551\jre\bin\server

VM Arguments:
jvm_args: -Dfile.encoding=UTF-8 -Dstdout.encoding=UTF-8 -Dstderr.encoding=UTF-8 -XX:+ShowCodeDetailsInExceptionMessages 
java_command: com.akram.spring.tms.TmsApplication
java_class_path (initial): C:\Users\Utilisateur\Downloads\tms\tms\target\classes;C:\Users\Utilisateur\.m2\repository\org\springframework\boot\spring-boot-starter-data-jpa\3.4.2\spring-boot-starter-data-jpa-3.4.2.jar;C:\Users\Utilisateur\.m2\repository\org\springframework\boot\spring-boot-starter\3.4.2\spring-boot-starter-3.4.2.jar;C:\Users\Utilisateur\.m2\repository\org\springframework\boot\spring-boot\3.4.2\spring-boot-3.4.2.jar;C:\Users\Utilisateur\.m2\repository\org\springframework\boot\spring-boot-autoconfigure\3.4.2\spring-boot-autoconfigure-3.4.2.jar;C:\Users\Utilisateur\.m2\repository\org\springframework\boot\spring-boot-starter-logging\3.4.2\spring-boot-starter-logging-3.4.2.jar;C:\Users\Utilisateur\.m2\repository\ch\qos\logback\logback-classic\1.5.16\logback-classic-1.5.16.jar;C:\Users\Utilisateur\.m2\repository\ch\qos\logback\logback-core\1.5.16\logback-core-1.5.16.jar;C:\Users\Utilisateur\.m2\repository\org\apache\logging\log4j\log4j-to-slf4j\2.24.3\log4j-to-slf4j-2.24.3.jar;C:\Users\Utilisateur\.m2\repository\org\apache\logging\log4j\log4j-api\2.24.3\log4j-api-2.24.3.jar;C:\Users\Utilisateur\.m2\repository\org\slf4j\jul-to-slf4j\2.0.16\jul-to-slf4j-2.0.16.jar;C:\Users\Utilisateur\.m2\repository\jakarta\annotation\jakarta.annotation-api\2.1.1\jakarta.annotation-api-2.1.1.jar;C:\Users\Utilisateur\.m2\repository\org\yaml\snakeyaml\2.3\snakeyaml-2.3.jar;C:\Users\Utilisateur\.m2\repository\org\springframework\boot\spring-boot-starter-jdbc\3.4.2\spring-boot-starter-jdbc-3.4.2.jar;C:\Users\Utilisateur\.m2\repository\com\zaxxer\HikariCP\5.1.0\HikariCP-5.1.0.jar;C:\Users\Utilisateur\.m2\repository\org\springframework\spring-jdbc\6.2.2\spring-jdbc-6.2.2.jar;C:\Users\Utilisateur\.m2\repository\org\hibernate\orm\hibernate-core\6.6.5.Final\hibernate-core-6.6.5.Final.jar;C:\Users\Utilisateur\.m2\repository\jakarta\persistence\jakarta.persistence-api\3.1.0\jakarta.persistence-api-3.1.0.jar;C:\Users\Utilisateur\.m2\repository\jakarta\transaction\jakarta.transaction-api\2.0.1\jakarta.transaction-api-2.0.1.jar;C:\Users\Utilisateur\.m2\repository\org\jboss\logging\jboss-logging\3.6.1.Final\jboss-logging-3.6.1.Final.jar;C:\Users\Utilisateur\.m2\repository\org\hibernate\common\hibernate-commons-annotations\7.0.3.Final\hibernate-commons-annotations-7.0.3.Final.jar;C:\Users\Utilisateur\.m2\repository\io\smallrye\jandex\3.2.0\jandex-3.2.0.jar;C:\Users\Utilisateur\.m2\repository\com\fasterxml\classmate\1.7.0\classmate-1.7.0.jar;C:\Users\Utilisateur\.m2\repository\net\bytebuddy\byte-buddy\1.15.11\byte-buddy-1.15.11.jar;C:\Users\Utilisateur\.m2\repository\org\glassfish\jaxb\jaxb-runtime\4.0.5\jaxb-runtime-4.0.5.jar;C:\Users\Utilisateur\.m2\repository\org\glassfish\jaxb\jaxb-core\4.0.5\jaxb-core-4.0.5.jar;C:\Users\Utilisateur\.m2\repository\org\eclipse\angus\angus-activation\2.0.2\angus-activation-2.0.2.jar;C:\Users\Utilisateur\.m2\repository\org\glassfish\jaxb\txw2\4.0.5\txw2-4.0.5.jar;C:\Users\Utilisateur\.m2\repository\com\sun\istack\istack-commons-runtime\4.1.2\istack-commons-runtime-4.1.2.jar;C:\Users\Utilisateur\.m2\repository\jakarta\inject\jakarta.inject-api\2.0.1\jakarta.inject-api-2.0.1.jar;C:\Users\Utilisateur\.m2\repository\org\antlr\antlr4-runtime\4.13.0\antlr4-runtime-4.13.0.jar;C:\Users\Utilisateur\.m2\repository\org\springframework\data\spring-data-jpa\3.4.2\spring-data-jpa-3.4.2.jar;C:\Users\Utilisateur\.m2\repository\org\springframework\data\spring-data-commons\3.4.2\spring-data-commons-3.4.2.jar;C:\Users\Utilisateur\.m2\repository\org\springframework\spring-orm\6.2.2\spring-orm-6.2.2.jar;C:\Users\Utilisateur\.m2\repository\org\springframework\spring-context\6.2.2\spring-context-6.2.2.jar;C:\Users\Utilisateur\.m2\repository\org\springframework\spring-aop\6.2.2\spring-aop-6.2.2.jar;C:\Users\Utilisateur\.m2\repository\org\springframework\spring-tx\6.2.2\spring-tx-6.2.2.jar;C:\Users\Utilisateur\.m2\repository\org\springframework\spring-beans\6.2.2\spring-beans-6.2.2.jar;C:\Users\Utilisateur\.m2\repository\org\slf4j\slf4j-api\2.0.16\slf4j-api-2.0.16.jar;C:\Users\Utilisateur\.m2\repository\org\springframework\spring-aspects\6.2.2\spring-aspects-6.2.2.jar;C:\Users\Utilisateur\.m2\repository\org\aspectj\aspectjweaver\1.9.22.1\aspectjweaver-1.9.22.1.jar;C:\Users\Utilisateur\.m2\repository\org\springframework\boot\spring-boot-starter-web\3.4.2\spring-boot-starter-web-3.4.2.jar;C:\Users\Utilisateur\.m2\repository\org\springframework\boot\spring-boot-starter-json\3.4.2\spring-boot-starter-json-3.4.2.jar;C:\Users\Utilisateur\.m2\repository\com\fasterxml\jackson\core\jackson-databind\2.18.2\jackson-databind-2.18.2.jar;C:\Users\Utilisateur\.m2\repository\com\fasterxml\jackson\core\jackson-annotations\2.18.2\jackson-annotations-2.18.2.jar;C:\Users\Utilisateur\.m2\repository\com\fasterxml\jackson\core\jackson-core\2.18.2\jackson-core-2.18.2.jar;C:\Users\Utilisateur\.m2\repository\com\fasterxml\jackson\datatype\jackson-datatype-jdk8\2.18.2\jackson-datatype-jdk8-2.18.2.jar;C:\Users\Utilisateur\.m2\repository\com\fasterxml\jackson\datatype\jackson-datatype-jsr310\2.18.2\jackson-datatype-jsr310-2.18.2.jar;C:\Users\Utilisateur\.m2\repository\com\fasterxml\jackson\module\jackson-module-parameter-names\2.18.2\jackson-module-parameter-names-2.18.2.jar;C:\Users\Utilisateur\.m2\repository\org\springframework\boot\spring-boot-starter-tomcat\3.4.2\spring-boot-starter-tomcat-3.4.2.jar;C:\Users\Utilisateur\.m2\repository\org\apache\tomcat\embed\tomcat-embed-core\10.1.34\tomcat-embed-core-10.1.34.jar;C:\Users\Utilisateur\.m2\repository\org\apache\tomcat\embed\tomcat-embed-el\10.1.34\tomcat-embed-el-10.1.34.jar;C:\Users\Utilisateur\.m2\repository\org\apache\tomcat\embed\tomcat-embed-websocket\10.1.34\tomcat-embed-websocket-10.1.34.jar;C:\Users\Utilisateur\.m2\repository\org\springframework\spring-web\6.2.2\spring-web-6.2.2.jar;C:\Users\Utilisateur\.m2\repository\io\micrometer\micrometer-observation\1.14.3\micrometer-observation-1.14.3.jar;C:\Users\Utilisateur\.m2\repository\io\micrometer\micrometer-commons\1.14.3\micrometer-commons-1.14.3.jar;C:\Users\Utilisateur\.m2\repository\org\springframework\spring-webmvc\6.2.2\spring-webmvc-6.2.2.jar;C:\Users\Utilisateur\.m2\repository\org\springframework\spring-expression\6.2.2\spring-expression-6.2.2.jar;C:\Users\Utilisateur\.m2\repository\org\postgresql\postgresql\42.7.5\postgresql-42.7.5.jar;C:\Users\Utilisateur\.m2\repository\org\checkerframework\checker-qual\3.48.3\checker-qual-3.48.3.jar;C:\Users\Utilisateur\.m2\repository\org\projectlombok\lombok\1.18.36\lombok-1.18.36.jar;C:\Users\Utilisateur\.m2\repository\jakarta\xml\bind\jakarta.xml.bind-api\4.0.2\jakarta.xml.bind-api-4.0.2.jar;C:\Users\Utilisateur\.m2\repository\jakarta\activation\jakarta.activation-api\2.1.3\jakarta.activation-api-2.1.3.jar;C:\Users\Utilisateur\.m2\repository\org\springframework\spring-core\6.2.2\spring-core-6.2.2.jar;C:\Users\Utilisateur\.m2\repository\org\springframework\spring-jcl\6.2.2\spring-jcl-6.2.2.jar
Launcher Type: SUN_STANDARD

[Global flags]
     intx CICompilerCount                          = 3                                         {product} {ergonomic}
     uint ConcGCThreads                            = 1                                         {product} {ergonomic}
     uint G1ConcRefinementThreads                  = 4                                         {product} {ergonomic}
   size_t G1HeapRegionSize                         = 2097152                                   {product} {ergonomic}
    uintx GCDrainStackTargetSize                   = 64                                        {product} {ergonomic}
   size_t InitialHeapSize                          = 266338304                                 {product} {ergonomic}
   size_t MarkStackSize                            = 4194304                                   {product} {ergonomic}
   size_t MaxHeapSize                              = 4259315712                                {product} {ergonomic}
   size_t MaxNewSize                               = 2554331136                                {product} {ergonomic}
   size_t MinHeapDeltaBytes                        = 2097152                                   {product} {ergonomic}
   size_t MinHeapSize                              = 8388608                                   {product} {ergonomic}
    uintx NonNMethodCodeHeapSize                   = 5832780                                {pd product} {ergonomic}
    uintx NonProfiledCodeHeapSize                  = 122912730                              {pd product} {ergonomic}
    uintx ProfiledCodeHeapSize                     = 122912730                              {pd product} {ergonomic}
    uintx ReservedCodeCacheSize                    = 251658240                              {pd product} {ergonomic}
     bool SegmentedCodeCache                       = true                                      {product} {ergonomic}
     bool ShowCodeDetailsInExceptionMessages       = true                                   {manageable} {command line}
   size_t SoftMaxHeapSize                          = 4259315712                             {manageable} {ergonomic}
     bool UseCompressedOops                        = true                           {product lp64_product} {ergonomic}
     bool UseG1GC                                  = true                                      {product} {ergonomic}
     bool UseLargePagesIndividualAllocation        = false                                  {pd product} {ergonomic}

Logging:
Log output configuration:
 #0: stdout all=warning uptime,level,tags foldmultilines=false
 #1: stderr all=off uptime,level,tags foldmultilines=false

Environment Variables:
JAVA_HOME=C:\Program Files\Microsoft\jdk-17.0.13.11-hotspot\
PATH=C:/Users/Utilisateur/Downloads/eclipse-jee-2024-09-R-win32-x86_64/eclipse//plugins/org.eclipse.justj.openjdk.hotspot.jre.full.win32.x86_64_21.0.5.v20241023-1957/jre/bin/server;C:/Users/Utilisateur/Downloads/eclipse-jee-2024-09-R-win32-x86_64/eclipse//plugins/org.eclipse.justj.openjdk.hotspot.jre.full.win32.x86_64_21.0.5.v20241023-1957/jre/bin;C:\Program Files\Microsoft\jdk-17.0.13.11-hotspot\bin;C:\Python313\Scripts\;C:\Python313\;C:\Program Files\Microsoft SDKs\Azure\CLI2\wbin;C:\Program Files\Common Files\Oracle\Java\javapath;C:\Program Files (x86)\Common Files\Oracle\Java\java8path;C:\Program Files (x86)\Common Files\Oracle\Java\javapath;C:\app\Utilisateur\product\11.2.0\dbhome_1\bin;C:\oraclexe\app\oracle\product\11.2.0\server\bin;C:\app\Utilisateur\product\18.0.0\dbhomeXE\bin;C:\Oracle18c-XE\dbhomeXE\bin;C:\Program Files (x86)\CodeBlocks\MinGW;C:\WINDOWS\system32;C:\WINDOWS;C:\WINDOWS\System32\Wbem;C:\WINDOWS\System32\WindowsPowerShell\v1.0\;C:\WINDOWS\System32\OpenSSH\;C:\Program Files\Microsoft SQL Server\110\Tools\Binn\;C:\Program Files\PuTTY\;C:\Program Files\dotnet\;C:\Program Files\Git\cmd;C:\Program Files\GitHub CLI\;C:\Users\Utilisateur\Downloads\AIR 1\apache-maven-3.9.9-bin\apache-maven-3.9.9\bin;C:\Program Files\Git\bin;C:\terraform_1.9.8_windows_386\;C:\Program Files\Docker\Docker\resources\bin;C:\ProgramData\chocolatey\bin;C:\Users\Utilisateur\AppData\Local\Microsoft\WindowsApps;C:\Program Files\Java\jre1.8.0_202\bin;C:\Users\Utilisateur\AppData\Local\Programs\Python\Python37;C:\Users\Utilisateur\AppData\Local\Programs\Python\Python37\Scripts;C:\Users\Utilisateur\Downloads\AIR 1\apache-tomcat-9.0.89\bin;C:\Program Files\Java\jdk1.8.0_202\bin;C:\Users\Utilisateur\AppData\Local\Programs\Microsoft VS Code\bin;C:\Users\Utilisateur\AppData\Roaming\npm;C:\Users\Utilisateur\AppData\Local\Android\Sdk\cmdline-tools\latest\bin;C:\Users\Utilisateur\AppData\Local\Android\Sdk\platform-tools;\emulator;C:\Program Files\nodejs\;C:\Program Files\Microsoft\jdk-17.0.13.11-hotspot\bin;C:\Python313\Scripts\;C:\Python313\;C:\Program Files\Microsoft SDKs\Azure\CLI2\wbin;C:\Program Files\Common Files\Oracle\Java\javapath;C:\Program Files (x86)\Common Files\Oracle\Java\java8path;C:\Program Files (x86)\Common Files\Oracle\Java\javapath;C:\app\Utilisateur\product\11.2.0\dbhome_1\bin;C:\oraclexe\app\oracle\product\11.2.0\server\bin;C:\app\Utilisateur\product\18.0.0\dbhomeXE\bin;C:\Oracle18c-XE\dbhomeXE\bin;C:\Program Files (x86)\CodeBlocks\MinGW;C:\WINDOWS\system32;C:\WINDOWS;C:\WINDOWS\System32\Wbem;C:\WINDOWS\System32\WindowsPowerShell\v1.0\;C:\WINDOWS\System32\OpenSSH\;C:\Program Files\Microsoft SQL Server\110\Tools\Binn\;C:\Program Files\PuTTY\;C:\Program Files\dotnet\;C:\Program Files\Git\cmd;C:\Program Files\GitHub CLI\;C:\Users\Utilisateur\Downloads\AIR 1\apache-maven-3.9.9-bin\apache-maven-3.9.9\bin;C:\Program Files\Git\bin;C:\terraform_1.9.8_windows_386\;C:\Program Files\Docker\Docker\resources\bin;C:\Program Files\nodejs\;C:\ProgramData\chocolatey\bin;C:\Users\Utilisateur\AppData\Local\Microsoft\WindowsApps;C:\Program Files\Java\jre1.8.0_202\bin;C:\Users\Utilisateur\AppData\Local\Programs\Python\Python37;C:\Users\Utilisateur\AppData\Local\Programs\Python\Python37\Scripts;C:\Users\Utilisateur\Downloads\AIR 1\apache-tomcat-9.0.89\bin;C:\Program Files\Java\jdk1.8.0_202\bin;C:\Users\Utilisateur\AppData\Local\Programs\Microsoft VS Code\bin;C:\Users\Utilisateur\AppData\Local\Android\Sdk\cmdline-tools\latest\bin;C:\Users\Utilisateur\AppData\Roaming\npm;C:\Users\Utilisateur\Downloads\eclipse-jee-2024-09-R-win32-x86_64\eclipse;
USERNAME=Utilisateur
OS=Windows_NT
PROCESSOR_IDENTIFIER=Intel64 Family 6 Model 142 Stepping 9, GenuineIntel
TMP=C:\Users\UTILIS~1\AppData\Local\Temp
TEMP=C:\Users\UTILIS~1\AppData\Local\Temp




Periodic native trim disabled

---------------  S Y S T E M  ---------------

OS:
 Windows 10 , 64 bit Build 19041 (10.0.19041.5438)
OS uptime: 3 days 6:06 hours
Hyper-V role detected

CPU: total 4 (initial active 4) (2 cores per cpu, 2 threads per core) family 6 model 142 stepping 9 microcode 0xf6, cx8, cmov, fxsr, ht, mmx, 3dnowpref, sse, sse2, sse3, ssse3, sse4.1, sse4.2, popcnt, lzcnt, tsc, tscinvbit, avx, avx2, aes, erms, clmul, bmi1, bmi2, rtm, adx, fma, vzeroupper, clflush, clflushopt, hv, rdtscp, f16c
Processor Information for all 4 processors :
  Max Mhz: 2701, Current Mhz: 2701, Mhz Limit: 2701

Memory: 4k page, system-wide physical 16245M (2738M free)
TotalPageFile size 44020M (AvailPageFile size 0M)
current process WorkingSet (physical memory assigned to process): 86M, peak: 259M
current process commit charge ("private bytes"): 257M, peak: 357M

vm_info: OpenJDK 64-Bit Server VM (21.0.4+7-LTS) for windows-amd64 JRE (21.0.4+7-LTS), built on 2024-07-16T00:00:00Z by "admin" with MS VC++ 17.7 (VS2022)

END.
